{"topic":"movie-created","messages":[{"key":"3","value":"{\"id\":3,\"name\":\"supra odio amissio\",\"year\":2014}"}]}
{"topic":"movie-created","messages":[{"key":"4","value":"{\"id\":4,\"name\":\"turba accusantium consectetur\",\"year\":1986}"}]}
{"topic":"movie-created","messages":[{"key":"5","value":"{\"id\":5,\"name\":\"condico suffragium denuo\",\"year\":2016}"}]}
{"topic":"movie-created","messages":[{"key":"6","value":"{\"id\":6,\"name\":\"doloribus tribuo amo\",\"year\":2011}"}]}
{"topic":"movie-created","messages":[{"key":"7","value":"{\"id\":7,\"name\":\"tenus taedium solitudo\",\"year\":1979}"}]}
{"topic":"movie-created","messages":[{"key":"8","value":"{\"id\":8,\"name\":\"sed tredecim cedo\",\"year\":1990}"}]}
{"topic":"movie-created","messages":[{"key":"9","value":"{\"id\":9,\"name\":\"acer deinde cubicularis\",\"year\":2008}"}]}
{"topic":"movie-created","messages":[{"key":"10","value":"{\"id\":10,\"name\":\"sollers acceptus speculum\",\"year\":1993}"}]}
{"topic":"movie-created","messages":[{"key":"1","value":"{\"id\":1,\"name\":\"caelestis uter antea\",\"year\":1994}"}]}
{"topic":"movie-created","messages":[{"key":"2","value":"{\"id\":2,\"name\":\"decerno praesentium eligendi\",\"year\":2019}"}]}
{"topic":"movie-created","messages":[{"key":"3","value":"{\"id\":3,\"name\":\"labore abundans comparo\",\"year\":2005}"}]}
{"topic":"movie-created","messages":[{"key":"4","value":"{\"id\":4,\"name\":\"omnis asporto vilitas\",\"year\":1997}"}]}
{"topic":"movie-created","messages":[{"key":"5","value":"{\"id\":5,\"name\":\"ante mollitia cogo\",\"year\":1989}"}]}
{"topic":"movie-created","messages":[{"key":"6","value":"{\"id\":6,\"name\":\"conduco quam delinquo\",\"year\":1987}"}]}
{"topic":"movie-created","messages":[{"key":"7","value":"{\"id\":7,\"name\":\"deduco carcer colligo\",\"year\":1993}"}]}
{"topic":"movie-created","messages":[{"key":"8","value":"{\"id\":8,\"name\":\"aegrus cupiditate cilicium\",\"year\":1978}"}]}
{"topic":"movie-created","messages":[{"key":"9","value":"{\"id\":9,\"name\":\"compono uberrime stultus\",\"year\":2005}"}]}
{"topic":"movie-created","messages":[{"key":"10","value":"{\"id\":10,\"name\":\"corporis amplitudo aegre\",\"year\":1975}"}]}
{"topic":"movie-created","messages":[{"key":"11","value":"{\"id\":11,\"name\":\"xiphias curto cras\",\"year\":2001}"}]}
{"topic":"movie-created","messages":[{"key":"12","value":"{\"id\":12,\"name\":\"acceptus decretum reprehenderit\",\"year\":2019}"}]}
{"topic":"movie-created","messages":[{"key":"13","value":"{\"id\":13,\"name\":\"varius suppellex curso\",\"year\":1995}"}]}
{"topic":"movie-created","messages":[{"key":"14","value":"{\"id\":14,\"name\":\"demulceo audax tepidus\",\"year\":1987}"}]}
{"topic":"movie-created","messages":[{"key":"15","value":"{\"id\":15,\"name\":\"antea baiulus ambulo\",\"year\":1979}"}]}
{"topic":"movie-created","messages":[{"key":"16","value":"{\"id\":16,\"name\":\"vilis minima denuo\",\"year\":1976}"}]}
{"topic":"movie-created","messages":[{"key":"17","value":"{\"id\":17,\"name\":\"alveus damno charisma\",\"year\":2018}"}]}
{"topic":"movie-created","messages":[{"key":"18","value":"{\"id\":18,\"name\":\"molestias facere solium\",\"year\":2016}"}]}
{"topic":"movie-created","messages":[{"key":"19","value":"{\"id\":19,\"name\":\"creta sodalitas super\",\"year\":2008}"}]}
{"topic":"movie-created","messages":[{"key":"20","value":"{\"id\":20,\"name\":\"paens cras deputo\",\"year\":2020}"}]}
{"topic":"movie-created","messages":[{"key":"21","value":"{\"id\":21,\"name\":\"aranea amita cubitum\",\"year\":1981}"}]}
{"topic":"movie-created","messages":[{"key":"22","value":"{\"id\":22,\"name\":\"cervus sub cinis\",\"year\":1993}"}]}
{"topic":"movie-created","messages":[{"key":"23","value":"{\"id\":23,\"name\":\"cubitum sint spectaculum\",\"year\":1996}"}]}
{"topic":"movie-created","messages":[{"key":"24","value":"{\"id\":24,\"name\":\"atque summa illo\",\"year\":2014}"}]}
{"topic":"movie-created","messages":[{"key":"25","value":"{\"id\":25,\"name\":\"vulariter valeo artificiose\",\"year\":2005}"}]}
{"topic":"movie-created","messages":[{"key":"26","value":"{\"id\":26,\"name\":\"catena timidus vergo\",\"year\":2020}"}]}
{"topic":"movie-created","messages":[{"key":"27","value":"{\"id\":27,\"name\":\"aspicio ciminatio varietas\",\"year\":1993}"}]}
{"topic":"movie-created","messages":[{"key":"28","value":"{\"id\":28,\"name\":\"pecus virtus audio\",\"year\":1986}"}]}
{"topic":"movie-created","messages":[{"key":"29","value":"{\"id\":29,\"name\":\"vinum sursum ascit\",\"year\":2017}"}]}
{"topic":"movie-created","messages":[{"key":"30","value":"{\"id\":30,\"name\":\"caute tergeo tenuis\",\"year\":2014}"}]}
{"topic":"movie-created","messages":[{"key":"31","value":"{\"id\":31,\"name\":\"aspicio trado vestrum\",\"year\":2018}"}]}
{"topic":"movie-created","messages":[{"key":"32","value":"{\"id\":32,\"name\":\"caput spectaculum atavus\",\"year\":2000}"}]}
{"topic":"movie-created","messages":[{"key":"33","value":"{\"id\":33,\"name\":\"rerum barba uredo\",\"year\":1998}"}]}
{"topic":"movie-created","messages":[{"key":"34","value":"{\"id\":34,\"name\":\"acceptus vel administratio\",\"year\":2010}"}]}
{"topic":"movie-created","messages":[{"key":"35","value":"{\"id\":35,\"name\":\"ulterius verbum conventus\",\"year\":2013}"}]}
{"topic":"movie-created","messages":[{"key":"36","value":"{\"id\":36,\"name\":\"summopere caste voro\",\"year\":1997}"}]}
{"topic":"movie-created","messages":[{"key":"37","value":"{\"id\":37,\"name\":\"capillus decet cunctatio\",\"year\":1986}"}]}
{"topic":"movie-created","messages":[{"key":"38","value":"{\"id\":38,\"name\":\"soluta subito suggero\",\"year\":1985}"}]}
{"topic":"movie-created","messages":[{"key":"39","value":"{\"id\":39,\"name\":\"suscipit vero corrumpo\",\"year\":2019}"}]}
{"topic":"movie-created","messages":[{"key":"40","value":"{\"id\":40,\"name\":\"aqua nulla approbo\",\"year\":1989}"}]}
{"topic":"movie-created","messages":[{"key":"41","value":"{\"id\":41,\"name\":\"confero cernuus caritas\",\"year\":2019}"}]}
{"topic":"movie-created","messages":[{"key":"42","value":"{\"id\":42,\"name\":\"summa dedecor voluptatem\",\"year\":1990}"}]}
{"topic":"movie-created","messages":[{"key":"43","value":"{\"id\":43,\"name\":\"perspiciatis varius contego\",\"year\":1976}"}]}
{"topic":"movie-created","messages":[{"key":"44","value":"{\"id\":44,\"name\":\"vitium creptio nesciunt\",\"year\":1978}"}]}
{"topic":"movie-created","messages":[{"key":"45","value":"{\"id\":45,\"name\":\"natus tyrannus aurum\",\"year\":1989}"}]}
{"topic":"movie-created","messages":[{"key":"46","value":"{\"id\":46,\"name\":\"vobis dedecor vapulus\",\"year\":2021}"}]}
{"topic":"movie-created","messages":[{"key":"47","value":"{\"id\":47,\"name\":\"ullus ultra audax\",\"year\":1993}"}]}
{"topic":"movie-created","messages":[{"key":"48","value":"{\"id\":48,\"name\":\"arceo ambitus cedo\",\"year\":2003}"}]}
{"topic":"movie-created","messages":[{"key":"49","value":"{\"id\":49,\"name\":\"alter villa advoco\",\"year\":1985}"}]}
{"topic":"movie-created","messages":[{"key":"50","value":"{\"id\":50,\"name\":\"complectus callide appello\",\"year\":1991}"}]}
{"topic":"movie-created","messages":[{"key":"51","value":"{\"id\":51,\"name\":\"careo alienus alioqui\",\"year\":2006}"}]}
{"topic":"movie-created","messages":[{"key":"52","value":"{\"id\":52,\"name\":\"sursum amo vix\",\"year\":1986}"}]}
{"topic":"movie-created","messages":[{"key":"53","value":"{\"id\":53,\"name\":\"consectetur cetera statim\",\"year\":2017}"}]}
{"topic":"movie-created","messages":[{"key":"54","value":"{\"id\":54,\"name\":\"accusantium tener decens\",\"year\":1999}"}]}
{"topic":"movie-created","messages":[{"key":"55","value":"{\"id\":55,\"name\":\"assumenda velut calculus\",\"year\":2016}"}]}
{"topic":"movie-created","messages":[{"key":"56","value":"{\"id\":56,\"name\":\"admitto pecco volutabrum\",\"year\":1992}"}]}
{"topic":"movie-created","messages":[{"key":"57","value":"{\"id\":57,\"name\":\"administratio stipes aequitas\",\"year\":1993}"}]}
